
Tue Jan 10 12:27:01 GMT 2017
Version: v 0.0.01 build 0153
java.lang.NullPointerException
[Ljava.lang.StackTraceElement;@ecb5b8

Tue Jan 10 12:28:40 GMT 2017
Version: v 0.0.01 build 0153
java.lang.NullPointerException
	worlds.World.keyPressed(World.java:417)
	worlds.LucyGame.keyPressed(LucyGame.java:193)
	org.newdawn.slick.Input.poll(Input.java:1182)
	org.newdawn.slick.GameContainer.updateAndRender(GameContainer.java:641)
	org.newdawn.slick.AppGameContainer.gameLoop(AppGameContainer.java:411)
	org.newdawn.slick.AppGameContainer.start(AppGameContainer.java:321)
	worlds.LucyGame.main(LucyGame.java:60)

Tue Jan 10 12:29:11 GMT 2017
Version: v 0.0.01 build 0153
java.lang.NullPointerException
	worlds.World.keyPressed(World.java:417)
	worlds.LucyGame.keyPressed(LucyGame.java:193)
	org.newdawn.slick.Input.poll(Input.java:1182)
	org.newdawn.slick.GameContainer.updateAndRender(GameContainer.java:641)
	org.newdawn.slick.AppGameContainer.gameLoop(AppGameContainer.java:411)
	org.newdawn.slick.AppGameContainer.start(AppGameContainer.java:321)
	worlds.LucyGame.main(Unknown Source)

Tue Jan 10 12:33:57 GMT 2017
Version: v 0.0.01 build 0154
Severity: 5
java.lang.NullPointerException
	worlds.World.keyPressed(World.java:417)
	worlds.LucyGame.keyPressed(LucyGame.java:193)
	org.newdawn.slick.Input.poll(Input.java:1182)
	org.newdawn.slick.GameContainer.updateAndRender(GameContainer.java:641)
	org.newdawn.slick.AppGameContainer.gameLoop(AppGameContainer.java:411)
	org.newdawn.slick.AppGameContainer.start(AppGameContainer.java:321)
	worlds.LucyGame.main(LucyGame.java:60)
